<?xml version="1.0" encoding="UTF-8"?>
<testng-results ignored="0" total="1" passed="1" failed="0" skipped="0">
  <reporter-output>
  </reporter-output>
  <suite started-at="2022-11-14T20:51:40 EST" name="Default suite" finished-at="2022-11-14T20:51:40 EST" duration-ms="91">
    <groups>
    </groups>
    <test started-at="2022-11-14T20:51:40 EST" name="Default test" finished-at="2022-11-14T20:51:40 EST" duration-ms="91">
      <class name="holaMundoTesting.TestNgTest">
        <test-method signature="testmethod()[pri:0, instance:holaMundoTesting.TestNgTest@17c386de]" started-at="2022-11-14T20:51:40 EST" name="testmethod" finished-at="2022-11-14T20:51:40 EST" duration-ms="19" status="PASS">
          <reporter-output>
          </reporter-output>
        </test-method> <!-- testmethod -->
      </class> <!-- holaMundoTesting.TestNgTest -->
    </test> <!-- Default test -->
  </suite> <!-- Default suite -->
</testng-results>
